Started GET "/" for ::1 at 2018-08-26 09:31:21 +0200
Processing by Rails::WelcomeController#index as HTML
  Rendering /Users/robin/.rvm/gems/ruby-2.5.1/gems/railties-5.2.1/lib/rails/templates/rails/welcome/index.html.erb
  Rendered /Users/robin/.rvm/gems/ruby-2.5.1/gems/railties-5.2.1/lib/rails/templates/rails/welcome/index.html.erb (4.5ms)
Completed 200 OK in 28ms (Views: 16.1ms)


Started GET "/" for ::1 at 2018-08-26 09:38:51 +0200
  
NoMethodError (undefined method `make_response!' for ItemsController:Class):
  
actionpack (5.2.1) lib/action_dispatch/routing/route_set.rb:33:in `serve'
actionpack (5.2.1) lib/action_dispatch/journey/router.rb:52:in `block in serve'
actionpack (5.2.1) lib/action_dispatch/journey/router.rb:35:in `each'
actionpack (5.2.1) lib/action_dispatch/journey/router.rb:35:in `serve'
actionpack (5.2.1) lib/action_dispatch/routing/route_set.rb:840:in `call'
rack (2.0.5) lib/rack/tempfile_reaper.rb:15:in `call'
rack (2.0.5) lib/rack/etag.rb:25:in `call'
rack (2.0.5) lib/rack/conditional_get.rb:25:in `call'
rack (2.0.5) lib/rack/head.rb:12:in `call'
actionpack (5.2.1) lib/action_dispatch/http/content_security_policy.rb:18:in `call'
rack (2.0.5) lib/rack/session/abstract/id.rb:232:in `context'
rack (2.0.5) lib/rack/session/abstract/id.rb:226:in `call'
actionpack (5.2.1) lib/action_dispatch/middleware/cookies.rb:670:in `call'
actionpack (5.2.1) lib/action_dispatch/middleware/callbacks.rb:28:in `block in call'
activesupport (5.2.1) lib/active_support/callbacks.rb:98:in `run_callbacks'
actionpack (5.2.1) lib/action_dispatch/middleware/callbacks.rb:26:in `call'
actionpack (5.2.1) lib/action_dispatch/middleware/executor.rb:14:in `call'
actionpack (5.2.1) lib/action_dispatch/middleware/debug_exceptions.rb:61:in `call'
actionpack (5.2.1) lib/action_dispatch/middleware/show_exceptions.rb:33:in `call'
railties (5.2.1) lib/rails/rack/logger.rb:38:in `call_app'
railties (5.2.1) lib/rails/rack/logger.rb:26:in `block in call'
activesupport (5.2.1) lib/active_support/tagged_logging.rb:71:in `block in tagged'
activesupport (5.2.1) lib/active_support/tagged_logging.rb:28:in `tagged'
activesupport (5.2.1) lib/active_support/tagged_logging.rb:71:in `tagged'
railties (5.2.1) lib/rails/rack/logger.rb:26:in `call'
actionpack (5.2.1) lib/action_dispatch/middleware/remote_ip.rb:81:in `call'
actionpack (5.2.1) lib/action_dispatch/middleware/request_id.rb:27:in `call'
rack (2.0.5) lib/rack/method_override.rb:22:in `call'
rack (2.0.5) lib/rack/runtime.rb:22:in `call'
activesupport (5.2.1) lib/active_support/cache/strategy/local_cache_middleware.rb:29:in `call'
actionpack (5.2.1) lib/action_dispatch/middleware/executor.rb:14:in `call'
actionpack (5.2.1) lib/action_dispatch/middleware/static.rb:127:in `call'
rack (2.0.5) lib/rack/sendfile.rb:111:in `call'
railties (5.2.1) lib/rails/engine.rb:524:in `call'
puma (3.12.0) lib/puma/configuration.rb:225:in `call'
puma (3.12.0) lib/puma/server.rb:658:in `handle_request'
puma (3.12.0) lib/puma/server.rb:472:in `process_client'
puma (3.12.0) lib/puma/server.rb:332:in `block in run'
puma (3.12.0) lib/puma/thread_pool.rb:133:in `block in spawn_thread'
Started GET "/" for ::1 at 2018-08-26 09:39:11 +0200
Processing by ItemsController#index as HTML
  Rendering items/index.html.haml within layouts/application
  Rendered items/index.html.haml within layouts/application (13.2ms)
Completed 500 Internal Server Error in 31ms


  
ActionView::Template::Error (undefined method `TEXT' for Item:Class
Did you mean?  test):
    2: %items{type: 'array'}
    3:   - 10000.times do
    4:     %item
    5:       - item = Item.new
    6:       %id{type: 'integer'}= item.id
    7:       %description= item.description
  
app/models/item.rb:3:in `<class:Item>'
app/models/item.rb:1:in `<top (required)>'
app/views/items/index.html.haml:5:in `block in _app_views_items_index_html_haml___728071914989999703_70332741421640'
app/views/items/index.html.haml:3:in `times'
app/views/items/index.html.haml:3:in `_app_views_items_index_html_haml___728071914989999703_70332741421640'
Started GET "/" for ::1 at 2018-08-26 09:39:29 +0200
Processing by ItemsController#index as HTML
  Rendering items/index.html.haml within layouts/application
  Rendered items/index.html.haml within layouts/application (282.7ms)
Completed 200 OK in 394ms (Views: 388.6ms)


Started GET "/stylesheets/application.css" for ::1 at 2018-08-26 09:39:29 +0200
  
ActionController::RoutingError (No route matches [GET] "/stylesheets/application.css"):
  
actionpack (5.2.1) lib/action_dispatch/middleware/debug_exceptions.rb:65:in `call'
actionpack (5.2.1) lib/action_dispatch/middleware/show_exceptions.rb:33:in `call'
railties (5.2.1) lib/rails/rack/logger.rb:38:in `call_app'
railties (5.2.1) lib/rails/rack/logger.rb:26:in `block in call'
activesupport (5.2.1) lib/active_support/tagged_logging.rb:71:in `block in tagged'
activesupport (5.2.1) lib/active_support/tagged_logging.rb:28:in `tagged'
activesupport (5.2.1) lib/active_support/tagged_logging.rb:71:in `tagged'
railties (5.2.1) lib/rails/rack/logger.rb:26:in `call'
actionpack (5.2.1) lib/action_dispatch/middleware/remote_ip.rb:81:in `call'
actionpack (5.2.1) lib/action_dispatch/middleware/request_id.rb:27:in `call'
rack (2.0.5) lib/rack/method_override.rb:22:in `call'
rack (2.0.5) lib/rack/runtime.rb:22:in `call'
activesupport (5.2.1) lib/active_support/cache/strategy/local_cache_middleware.rb:29:in `call'
actionpack (5.2.1) lib/action_dispatch/middleware/executor.rb:14:in `call'
actionpack (5.2.1) lib/action_dispatch/middleware/static.rb:127:in `call'
rack (2.0.5) lib/rack/sendfile.rb:111:in `call'
railties (5.2.1) lib/rails/engine.rb:524:in `call'
puma (3.12.0) lib/puma/configuration.rb:225:in `call'
puma (3.12.0) lib/puma/server.rb:658:in `handle_request'
puma (3.12.0) lib/puma/server.rb:472:in `process_client'
puma (3.12.0) lib/puma/server.rb:332:in `block in run'
puma (3.12.0) lib/puma/thread_pool.rb:133:in `block in spawn_thread'
Started GET "/" for ::1 at 2018-08-26 09:39:39 +0200
Processing by ItemsController#index as HTML
  Rendering items/index.html.haml within layouts/application
  Rendered items/index.html.haml within layouts/application (293.8ms)
Completed 200 OK in 371ms (Views: 368.8ms)


Started GET "/" for ::1 at 2018-08-26 09:40:00 +0200
Processing by ItemsController#index as HTML
  Rendering items/index.html.haml within layouts/application
  Rendered items/index.html.haml within layouts/application (3.9ms)
Completed 200 OK in 19ms (Views: 17.3ms)


Started GET "/stylesheets/application.css" for ::1 at 2018-08-26 09:40:01 +0200
  
ActionController::RoutingError (No route matches [GET] "/stylesheets/application.css"):
  
actionpack (5.2.1) lib/action_dispatch/middleware/debug_exceptions.rb:65:in `call'
actionpack (5.2.1) lib/action_dispatch/middleware/show_exceptions.rb:33:in `call'
railties (5.2.1) lib/rails/rack/logger.rb:38:in `call_app'
railties (5.2.1) lib/rails/rack/logger.rb:26:in `block in call'
activesupport (5.2.1) lib/active_support/tagged_logging.rb:71:in `block in tagged'
activesupport (5.2.1) lib/active_support/tagged_logging.rb:28:in `tagged'
activesupport (5.2.1) lib/active_support/tagged_logging.rb:71:in `tagged'
railties (5.2.1) lib/rails/rack/logger.rb:26:in `call'
actionpack (5.2.1) lib/action_dispatch/middleware/remote_ip.rb:81:in `call'
actionpack (5.2.1) lib/action_dispatch/middleware/request_id.rb:27:in `call'
rack (2.0.5) lib/rack/method_override.rb:22:in `call'
rack (2.0.5) lib/rack/runtime.rb:22:in `call'
activesupport (5.2.1) lib/active_support/cache/strategy/local_cache_middleware.rb:29:in `call'
actionpack (5.2.1) lib/action_dispatch/middleware/executor.rb:14:in `call'
actionpack (5.2.1) lib/action_dispatch/middleware/static.rb:127:in `call'
rack (2.0.5) lib/rack/sendfile.rb:111:in `call'
railties (5.2.1) lib/rails/engine.rb:524:in `call'
puma (3.12.0) lib/puma/configuration.rb:225:in `call'
puma (3.12.0) lib/puma/server.rb:658:in `handle_request'
puma (3.12.0) lib/puma/server.rb:472:in `process_client'
puma (3.12.0) lib/puma/server.rb:332:in `block in run'
puma (3.12.0) lib/puma/thread_pool.rb:133:in `block in spawn_thread'
Started GET "/" for ::1 at 2018-08-26 09:40:42 +0200
  
ActionController::RoutingError (undefined method `respond_to' for ItemsController:Class
Did you mean?  respond_to?):
  
app/controllers/items_controller.rb:2:in `<class:ItemsController>'
app/controllers/items_controller.rb:1:in `<top (required)>'
Started GET "/" for ::1 at 2018-08-26 09:40:48 +0200
  
ActionController::RoutingError (undefined method `respond_to' for ItemsController:Class
Did you mean?  respond_to?):
  
app/controllers/items_controller.rb:2:in `<class:ItemsController>'
app/controllers/items_controller.rb:1:in `<top (required)>'
Started GET "/" for ::1 at 2018-08-26 09:41:11 +0200
Processing by ItemsController#index as HTML
  Rendering items/index.html.haml within layouts/application
  Rendered items/index.html.haml within layouts/application (12.2ms)
Completed 200 OK in 23ms (Views: 22.6ms)


Started GET "/stylesheets/application.css" for ::1 at 2018-08-26 09:41:11 +0200
  
ActionController::RoutingError (No route matches [GET] "/stylesheets/application.css"):
  
actionpack (5.2.1) lib/action_dispatch/middleware/debug_exceptions.rb:65:in `call'
actionpack (5.2.1) lib/action_dispatch/middleware/show_exceptions.rb:33:in `call'
railties (5.2.1) lib/rails/rack/logger.rb:38:in `call_app'
railties (5.2.1) lib/rails/rack/logger.rb:26:in `block in call'
activesupport (5.2.1) lib/active_support/tagged_logging.rb:71:in `block in tagged'
activesupport (5.2.1) lib/active_support/tagged_logging.rb:28:in `tagged'
activesupport (5.2.1) lib/active_support/tagged_logging.rb:71:in `tagged'
railties (5.2.1) lib/rails/rack/logger.rb:26:in `call'
actionpack (5.2.1) lib/action_dispatch/middleware/remote_ip.rb:81:in `call'
actionpack (5.2.1) lib/action_dispatch/middleware/request_id.rb:27:in `call'
rack (2.0.5) lib/rack/method_override.rb:22:in `call'
rack (2.0.5) lib/rack/runtime.rb:22:in `call'
activesupport (5.2.1) lib/active_support/cache/strategy/local_cache_middleware.rb:29:in `call'
actionpack (5.2.1) lib/action_dispatch/middleware/executor.rb:14:in `call'
actionpack (5.2.1) lib/action_dispatch/middleware/static.rb:127:in `call'
rack (2.0.5) lib/rack/sendfile.rb:111:in `call'
railties (5.2.1) lib/rails/engine.rb:524:in `call'
puma (3.12.0) lib/puma/configuration.rb:225:in `call'
puma (3.12.0) lib/puma/server.rb:658:in `handle_request'
puma (3.12.0) lib/puma/server.rb:472:in `process_client'
puma (3.12.0) lib/puma/server.rb:332:in `block in run'
puma (3.12.0) lib/puma/thread_pool.rb:133:in `block in spawn_thread'
Started GET "/" for ::1 at 2018-08-26 09:42:15 +0200
Processing by ItemsController#index as HTML
Completed 500 Internal Server Error in 5ms


  
ActionView::MissingTemplate (Missing template items/index, application/index with {:locale=>[:en], :formats=>[:xml], :variants=>[], :handlers=>[:raw, :erb, :html, :builder, :ruby, :haml]}. Searched in:
  * "/Users/robin/sax-machine-test/stream_signal/app/views"
):
  
app/controllers/items_controller.rb:3:in `index'
Started GET "/" for ::1 at 2018-08-26 09:42:28 +0200
Processing by ItemsController#index as HTML
Completed 500 Internal Server Error in 10ms


  
ActionView::MissingTemplate (Missing template items/index, application/index with {:locale=>[:en], :formats=>[:xml], :variants=>[], :handlers=>[:raw, :erb, :html, :builder, :ruby, :haml]}. Searched in:
  * "/Users/robin/sax-machine-test/stream_signal/app/views"
):
  
app/controllers/items_controller.rb:3:in `index'
Started GET "/" for ::1 at 2018-08-26 09:44:43 +0200
Processing by ItemsController#index as HTML
  Rendering items/index.xml.haml
  Rendered items/index.xml.haml (11.4ms)
Completed 200 OK in 23ms (Views: 22.8ms)


Started GET "/" for ::1 at 2018-08-26 09:45:53 +0200
Processing by ItemsController#index as */*
  Rendering items/index.xml.haml
  Rendered items/index.xml.haml (2083.0ms)
Completed 200 OK in 2098ms (Views: 2098.0ms)


Started GET "/" for ::1 at 2018-08-26 09:49:33 +0200
Processing by ItemsController#index as */*
  Rendering items/index.xml.haml
  Rendered items/index.xml.haml (2187.7ms)
Completed 200 OK in 2200ms (Views: 2200.0ms)


Started GET "/" for ::1 at 2018-08-26 09:52:08 +0200
Processing by ItemsController#index as */*
  Rendering items/index.xml.haml
  Rendered items/index.xml.haml (2240.9ms)
Completed 200 OK in 2249ms (Views: 2248.4ms)


Started GET "/" for ::1 at 2018-08-26 09:54:11 +0200
Processing by ItemsController#index as */*
  Rendering items/index.xml.haml
  Rendered items/index.xml.haml (2181.5ms)
Completed 200 OK in 2189ms (Views: 2189.3ms)


Started GET "/" for ::1 at 2018-08-26 09:55:14 +0200
Processing by ItemsController#index as */*
  Rendering items/index.xml.haml
  Rendered items/index.xml.haml (2210.6ms)
Completed 200 OK in 2219ms (Views: 2218.9ms)


Started GET "/" for ::1 at 2018-08-26 09:55:52 +0200
Processing by ItemsController#index as */*
  Rendering items/index.xml.haml
  Rendered items/index.xml.haml (2118.1ms)
Completed 200 OK in 2128ms (Views: 2127.5ms)


Started GET "/" for ::1 at 2018-08-26 09:57:43 +0200
Processing by ItemsController#index as */*
  Rendering items/index.xml.haml
  Rendered items/index.xml.haml (5990.8ms)
Completed 200 OK in 6002ms (Views: 6001.8ms)


Started GET "/" for ::1 at 2018-08-26 09:58:09 +0200
Processing by ItemsController#index as */*
  Rendering items/index.xml.haml
  Rendered items/index.xml.haml (6231.1ms)
Completed 200 OK in 6239ms (Views: 6239.0ms)


Started GET "/" for ::1 at 2018-08-26 09:59:31 +0200
Processing by ItemsController#index as */*
  Rendering items/index.xml.haml
  Rendered items/index.xml.haml (6292.6ms)
Completed 200 OK in 6300ms (Views: 6300.1ms)


Started GET "/" for ::1 at 2018-08-26 10:08:57 +0200
Processing by ItemsController#index as */*
  Rendering items/index.xml.haml
  Rendered items/index.xml.haml (6326.2ms)
Completed 200 OK in 6334ms (Views: 6333.6ms)


Started GET "/" for ::1 at 2018-08-26 10:16:28 +0200
Processing by ItemsController#index as */*
  Rendering items/index.xml.haml
  Rendered items/index.xml.haml (6396.9ms)
Completed 200 OK in 6411ms (Views: 6411.1ms)


Started GET "/" for ::1 at 2018-08-26 10:20:52 +0200
Processing by ItemsController#index as */*
  Rendering items/index.xml.haml
  Rendered items/index.xml.haml (65.4ms)
Completed 200 OK in 80ms (Views: 79.6ms)


Started GET "/" for ::1 at 2018-08-26 10:22:47 +0200
Processing by ItemsController#index as */*
  Rendering items/index.xml.haml
  Rendered items/index.xml.haml (85.9ms)
Completed 200 OK in 94ms (Views: 93.9ms)


Started GET "/" for ::1 at 2018-08-26 10:24:10 +0200
Processing by ItemsController#index as */*
  Rendering items/index.xml.haml
  Rendered items/index.xml.haml (5616.3ms)
Completed 200 OK in 5625ms (Views: 5624.6ms)


